2021-06-01 09:08:42,170 ----------------------------------------------------------------------------------------------------
2021-06-01 09:08:42,171 Model: "SequenceTagger(
  (embeddings): StackedEmbeddings(
    (list_embedding_0): WordEmbeddings('de')
    (list_embedding_1): CharacterEmbeddings(
      (char_embedding): Embedding(275, 25)
      (char_rnn): LSTM(25, 25, bidirectional=True)
    )
    (list_embedding_2): BytePairEmbeddings(model=2-bpe-de-100000-50)
  )
  (word_dropout): WordDropout(p=0.05)
  (locked_dropout): LockedDropout(p=0.5)
  (embedding2nn): Linear(in_features=450, out_features=450, bias=True)
  (rnn): LSTM(450, 256, batch_first=True, bidirectional=True)
  (linear): Linear(in_features=512, out_features=38, bias=True)
  (beta): 1.0
  (weights): None
  (weight_tensor) None
)"
2021-06-01 09:08:42,171 ----------------------------------------------------------------------------------------------------
2021-06-01 09:08:42,172 Corpus: "Corpus: 32250 train + 4031 dev + 4102 test sentences"
2021-06-01 09:08:42,173 ----------------------------------------------------------------------------------------------------
2021-06-01 09:08:42,173 Parameters:
2021-06-01 09:08:42,174  - learning_rate: "0.1"
2021-06-01 09:08:42,174  - mini_batch_size: "32"
2021-06-01 09:08:42,175  - patience: "3"
2021-06-01 09:08:42,175  - anneal_factor: "0.5"
2021-06-01 09:08:42,176  - max_epochs: "150"
2021-06-01 09:08:42,177  - shuffle: "False"
2021-06-01 09:08:42,178  - train_with_dev: "False"
2021-06-01 09:08:42,179  - batch_growth_annealing: "False"
2021-06-01 09:08:42,179 ----------------------------------------------------------------------------------------------------
2021-06-01 09:08:42,180 Model training base path: "../src/data_access/resources/ner-experiment_02"
2021-06-01 09:08:42,180 ----------------------------------------------------------------------------------------------------
2021-06-01 09:08:42,181 Device: cpu
2021-06-01 09:08:42,181 ----------------------------------------------------------------------------------------------------
2021-06-01 09:08:42,183 Embeddings storage mode: cpu
2021-06-01 09:08:42,184 ----------------------------------------------------------------------------------------------------
2021-06-01 09:09:58,410 epoch 1 - iter 100/1008 - loss 11.08071372 - samples/sec: 41.98 - lr: 0.100000
2021-06-01 09:11:20,090 epoch 1 - iter 200/1008 - loss 8.09826615 - samples/sec: 39.18 - lr: 0.100000
2021-06-01 09:12:46,708 epoch 1 - iter 300/1008 - loss 7.24690491 - samples/sec: 36.95 - lr: 0.100000
2021-06-01 09:14:07,902 epoch 1 - iter 400/1008 - loss 6.43346335 - samples/sec: 39.41 - lr: 0.100000
2021-06-01 09:15:24,812 epoch 1 - iter 500/1008 - loss 5.92455308 - samples/sec: 41.61 - lr: 0.100000
2021-06-01 09:16:43,416 epoch 1 - iter 600/1008 - loss 5.54512110 - samples/sec: 40.71 - lr: 0.100000
2021-06-01 09:18:03,187 epoch 1 - iter 700/1008 - loss 5.26968260 - samples/sec: 40.12 - lr: 0.100000
2021-06-01 09:19:21,810 epoch 1 - iter 800/1008 - loss 5.01574547 - samples/sec: 40.70 - lr: 0.100000
2021-06-01 09:20:44,871 epoch 1 - iter 900/1008 - loss 4.79190561 - samples/sec: 38.53 - lr: 0.100000
2021-06-01 09:22:01,108 epoch 1 - iter 1000/1008 - loss 4.61182334 - samples/sec: 41.98 - lr: 0.100000
2021-06-01 09:22:07,713 ----------------------------------------------------------------------------------------------------
2021-06-01 09:22:07,714 EPOCH 1 done: loss 4.5969 - lr 0.1000000
2021-06-01 09:22:34,756 DEV : loss 2.4772801399230957 - score 0.7532
2021-06-01 09:22:35,154 BAD EPOCHS (no improvement): 0
2021-06-01 09:22:44,600 ----------------------------------------------------------------------------------------------------
2021-06-01 09:23:59,517 epoch 2 - iter 100/1008 - loss 3.17287538 - samples/sec: 42.72 - lr: 0.100000
2021-06-01 09:25:13,552 epoch 2 - iter 200/1008 - loss 2.84736947 - samples/sec: 43.23 - lr: 0.100000
2021-06-01 09:26:28,971 epoch 2 - iter 300/1008 - loss 3.07006935 - samples/sec: 42.43 - lr: 0.100000
2021-06-01 09:27:46,797 epoch 2 - iter 400/1008 - loss 2.99146807 - samples/sec: 41.12 - lr: 0.100000
2021-06-01 09:29:03,536 epoch 2 - iter 500/1008 - loss 2.95679363 - samples/sec: 41.70 - lr: 0.100000
2021-06-01 09:30:20,060 epoch 2 - iter 600/1008 - loss 2.93059031 - samples/sec: 41.82 - lr: 0.100000
2021-06-01 09:30:20,382 ----------------------------------------------------------------------------------------------------
2021-06-01 09:30:20,385 Exiting from training early.
2021-06-01 09:30:20,388 Saving model ...
